<?xml version="1.0" encoding="UTF-8"?>
<testsuite xmlns:xsi="http://www.w3.org/2001/XMLSchema-instance" xsi:noNamespaceSchemaLocation="https://maven.apache.org/surefire/maven-surefire-plugin/xsd/surefire-test-report.xsd" name="com.google.cloud.teleport.it.spanner.DefaultSpannerResourceManagerTest" time="0.164" tests="17" errors="17" skipped="0" failures="0">
  <properties>
    <property name="java.specification.version" value="17"/>
    <property name="sun.jnu.encoding" value="UTF-8"/>
    <property name="java.class.path" value="/Users/giaivi/Desktop/work/PINETREE/dataflow/DataflowTemplates/it/target/test-classes:/Users/giaivi/Desktop/work/PINETREE/dataflow/DataflowTemplates/it/target/classes:/Users/giaivi/Desktop/work/PINETREE/dataflow/DataflowTemplates/metadata/target/metadata-1.0-SNAPSHOT.jar:/Users/giaivi/.m2/repository/com/google/apis/google-api-services-dataflow/v1b3-rev20220920-2.0.0/google-api-services-dataflow-v1b3-rev20220920-2.0.0.jar:/Users/giaivi/.m2/repository/com/google/api-client/google-api-client/2.0.0/google-api-client-2.0.0.jar:/Users/giaivi/.m2/repository/com/google/cloud/google-cloud-storage/2.2.2/google-cloud-storage-2.2.2.jar:/Users/giaivi/.m2/repository/com/google/guava/failureaccess/1.0.1/failureaccess-1.0.1.jar:/Users/giaivi/.m2/repository/com/google/guava/listenablefuture/9999.0-empty-to-avoid-conflict-with-guava/listenablefuture-9999.0-empty-to-avoid-conflict-with-guava.jar:/Users/giaivi/.m2/repository/com/google/code/findbugs/jsr305/3.0.2/jsr305-3.0.2.jar:/Users/giaivi/.m2/repository/org/checkerframework/checker-qual/3.19.0/checker-qual-3.19.0.jar:/Users/giaivi/.m2/repository/com/google/j2objc/j2objc-annotations/1.3/j2objc-annotations-1.3.jar:/Users/giaivi/.m2/repository/com/google/http-client/google-http-client/1.42.2/google-http-client-1.42.2.jar:/Users/giaivi/.m2/repository/io/opencensus/opencensus-contrib-http-util/0.28.0/opencensus-contrib-http-util-0.28.0.jar:/Users/giaivi/.m2/repository/com/google/http-client/google-http-client-jackson2/1.42.2/google-http-client-jackson2-1.42.2.jar:/Users/giaivi/.m2/repository/com/fasterxml/jackson/core/jackson-core/2.14.1/jackson-core-2.14.1.jar:/Users/giaivi/.m2/repository/com/google/oauth-client/google-oauth-client/1.34.1/google-oauth-client-1.34.1.jar:/Users/giaivi/.m2/repository/com/google/http-client/google-http-client-gson/1.42.2/google-http-client-gson-1.42.2.jar:/Users/giaivi/.m2/repository/com/google/http-client/google-http-client-apache-v2/1.42.2/google-http-client-apache-v2-1.42.2.jar:/Users/giaivi/.m2/repository/com/google/apis/google-api-services-storage/v1-rev20211201-1.32.1/google-api-services-storage-v1-rev20211201-1.32.1.jar:/Users/giaivi/.m2/repository/com/google/code/gson/gson/2.9.1/gson-2.9.1.jar:/Users/giaivi/.m2/repository/com/google/cloud/google-cloud-core/2.8.20/google-cloud-core-2.8.20.jar:/Users/giaivi/.m2/repository/com/google/api/grpc/proto-google-common-protos/2.9.6/proto-google-common-protos-2.9.6.jar:/Users/giaivi/.m2/repository/com/google/cloud/google-cloud-core-http/2.8.20/google-cloud-core-http-2.8.20.jar:/Users/giaivi/.m2/repository/com/google/http-client/google-http-client-appengine/1.42.2/google-http-client-appengine-1.42.2.jar:/Users/giaivi/.m2/repository/com/google/api/gax-httpjson/0.104.2/gax-httpjson-0.104.2.jar:/Users/giaivi/.m2/repository/com/google/api/gax/2.19.2/gax-2.19.2.jar:/Users/giaivi/.m2/repository/com/google/auth/google-auth-library-credentials/1.11.0/google-auth-library-credentials-1.11.0.jar:/Users/giaivi/.m2/repository/com/google/auth/google-auth-library-oauth2-http/1.11.0/google-auth-library-oauth2-http-1.11.0.jar:/Users/giaivi/.m2/repository/com/google/api/api-common/2.2.1/api-common-2.2.1.jar:/Users/giaivi/.m2/repository/javax/annotation/javax.annotation-api/1.3.2/javax.annotation-api-1.3.2.jar:/Users/giaivi/.m2/repository/io/opencensus/opencensus-api/0.28.0/opencensus-api-0.28.0.jar:/Users/giaivi/.m2/repository/io/grpc/grpc-context/1.49.2/grpc-context-1.49.2.jar:/Users/giaivi/.m2/repository/com/google/api/grpc/proto-google-iam-v1/1.6.2/proto-google-iam-v1-1.6.2.jar:/Users/giaivi/.m2/repository/com/google/protobuf/protobuf-java/3.21.7/protobuf-java-3.21.7.jar:/Users/giaivi/.m2/repository/com/google/protobuf/protobuf-java-util/3.21.7/protobuf-java-util-3.21.7.jar:/Users/giaivi/.m2/repository/org/threeten/threetenbp/1.5.2/threetenbp-1.5.2.jar:/Users/giaivi/.m2/repository/com/google/cloud/google-cloud-bigquery/2.17.0/google-cloud-bigquery-2.17.0.jar:/Users/giaivi/.m2/repository/org/apache/httpcomponents/httpclient/4.5.13/httpclient-4.5.13.jar:/Users/giaivi/.m2/repository/commons-logging/commons-logging/1.2/commons-logging-1.2.jar:/Users/giaivi/.m2/repository/org/apache/httpcomponents/httpcore/4.4.15/httpcore-4.4.15.jar:/Users/giaivi/.m2/repository/org/checkerframework/checker-compat-qual/2.5.5/checker-compat-qual-2.5.5.jar:/Users/giaivi/.m2/repository/com/google/apis/google-api-services-bigquery/v2-rev20220924-2.0.0/google-api-services-bigquery-v2-rev20220924-2.0.0.jar:/Users/giaivi/.m2/repository/org/threeten/threeten-extra/1.7.1/threeten-extra-1.7.1.jar:/Users/giaivi/.m2/repository/com/google/cloud/google-cloud-bigquerystorage/2.23.1/google-cloud-bigquerystorage-2.23.1.jar:/Users/giaivi/.m2/repository/io/grpc/grpc-api/1.49.2/grpc-api-1.49.2.jar:/Users/giaivi/.m2/repository/io/grpc/grpc-stub/1.49.2/grpc-stub-1.49.2.jar:/Users/giaivi/.m2/repository/io/grpc/grpc-protobuf/1.49.2/grpc-protobuf-1.49.2.jar:/Users/giaivi/.m2/repository/io/grpc/grpc-protobuf-lite/1.49.2/grpc-protobuf-lite-1.49.2.jar:/Users/giaivi/.m2/repository/com/google/api/grpc/proto-google-cloud-bigquerystorage-v1beta1/0.147.1/proto-google-cloud-bigquerystorage-v1beta1-0.147.1.jar:/Users/giaivi/.m2/repository/com/google/api/grpc/proto-google-cloud-bigquerystorage-v1beta2/0.147.1/proto-google-cloud-bigquerystorage-v1beta2-0.147.1.jar:/Users/giaivi/.m2/repository/com/google/api/gax-grpc/2.19.2/gax-grpc-2.19.2.jar:/Users/giaivi/.m2/repository/io/grpc/grpc-alts/1.49.2/grpc-alts-1.49.2.jar:/Users/giaivi/.m2/repository/io/grpc/grpc-grpclb/1.49.2/grpc-grpclb-1.49.2.jar:/Users/giaivi/.m2/repository/org/conscrypt/conscrypt-openjdk-uber/2.5.1/conscrypt-openjdk-uber-2.5.1.jar:/Users/giaivi/.m2/repository/io/grpc/grpc-auth/1.49.2/grpc-auth-1.49.2.jar:/Users/giaivi/.m2/repository/io/grpc/grpc-netty-shaded/1.49.2/grpc-netty-shaded-1.49.2.jar:/Users/giaivi/.m2/repository/io/grpc/grpc-googleapis/1.49.2/grpc-googleapis-1.49.2.jar:/Users/giaivi/.m2/repository/org/json/json/20200518/json-20200518.jar:/Users/giaivi/.m2/repository/io/grpc/grpc-core/1.49.2/grpc-core-1.49.2.jar:/Users/giaivi/.m2/repository/com/google/android/annotations/4.1.1.4/annotations-4.1.1.4.jar:/Users/giaivi/.m2/repository/org/codehaus/mojo/animal-sniffer-annotations/1.22/animal-sniffer-annotations-1.22.jar:/Users/giaivi/.m2/repository/io/perfmark/perfmark-api/0.25.0/perfmark-api-0.25.0.jar:/Users/giaivi/.m2/repository/com/google/api/grpc/grpc-google-cloud-bigquerystorage-v1beta1/0.147.1/grpc-google-cloud-bigquerystorage-v1beta1-0.147.1.jar:/Users/giaivi/.m2/repository/com/google/api/grpc/grpc-google-cloud-bigquerystorage-v1beta2/0.147.1/grpc-google-cloud-bigquerystorage-v1beta2-0.147.1.jar:/Users/giaivi/.m2/repository/com/google/api/grpc/grpc-google-cloud-bigquerystorage-v1/2.23.1/grpc-google-cloud-bigquerystorage-v1-2.23.1.jar:/Users/giaivi/.m2/repository/com/google/api/grpc/proto-google-cloud-bigquerystorage-v1/2.23.1/proto-google-cloud-bigquerystorage-v1-2.23.1.jar:/Users/giaivi/.m2/repository/org/apache/arrow/arrow-vector/9.0.0/arrow-vector-9.0.0.jar:/Users/giaivi/.m2/repository/org/apache/arrow/arrow-format/9.0.0/arrow-format-9.0.0.jar:/Users/giaivi/.m2/repository/com/fasterxml/jackson/core/jackson-annotations/2.14.1/jackson-annotations-2.14.1.jar:/Users/giaivi/.m2/repository/com/fasterxml/jackson/core/jackson-databind/2.14.1/jackson-databind-2.14.1.jar:/Users/giaivi/.m2/repository/com/fasterxml/jackson/datatype/jackson-datatype-jsr310/2.14.1/jackson-datatype-jsr310-2.14.1.jar:/Users/giaivi/.m2/repository/commons-codec/commons-codec/1.15/commons-codec-1.15.jar:/Users/giaivi/.m2/repository/io/netty/netty-common/4.1.78.Final/netty-common-4.1.78.Final.jar:/Users/giaivi/.m2/repository/com/google/flatbuffers/flatbuffers-java/1.12.0/flatbuffers-java-1.12.0.jar:/Users/giaivi/.m2/repository/org/slf4j/slf4j-api/1.7.25/slf4j-api-1.7.25.jar:/Users/giaivi/.m2/repository/org/apache/arrow/arrow-memory-core/9.0.0/arrow-memory-core-9.0.0.jar:/Users/giaivi/.m2/repository/org/apache/arrow/arrow-memory-netty/9.0.0/arrow-memory-netty-9.0.0.jar:/Users/giaivi/.m2/repository/io/netty/netty-buffer/4.1.78.Final/netty-buffer-4.1.78.Final.jar:/Users/giaivi/.m2/repository/com/google/errorprone/error_prone_annotations/2.15.0/error_prone_annotations-2.15.0.jar:/Users/giaivi/.m2/repository/com/google/cloud/google-cloud-monitoring/3.4.6/google-cloud-monitoring-3.4.6.jar:/Users/giaivi/.m2/repository/com/google/api/grpc/proto-google-cloud-monitoring-v3/3.4.6/proto-google-cloud-monitoring-v3-3.4.6.jar:/Users/giaivi/.m2/repository/io/grpc/grpc-xds/1.49.2/grpc-xds-1.49.2.jar:/Users/giaivi/.m2/repository/io/opencensus/opencensus-proto/0.2.0/opencensus-proto-0.2.0.jar:/Users/giaivi/.m2/repository/io/grpc/grpc-services/1.49.2/grpc-services-1.49.2.jar:/Users/giaivi/.m2/repository/com/google/cloud/google-cloud-bigtable/2.14.1/google-cloud-bigtable-2.14.1.jar:/Users/giaivi/.m2/repository/com/google/cloud/google-cloud-bigtable-stats/2.14.1/google-cloud-bigtable-stats-2.14.1.jar:/Users/giaivi/.m2/repository/com/lmax/disruptor/3.4.2/disruptor-3.4.2.jar:/Users/giaivi/.m2/repository/com/google/api/grpc/grpc-google-cloud-bigtable-v2/2.14.1/grpc-google-cloud-bigtable-v2-2.14.1.jar:/Users/giaivi/.m2/repository/com/google/api/grpc/proto-google-cloud-bigtable-v2/2.14.1/proto-google-cloud-bigtable-v2-2.14.1.jar:/Users/giaivi/.m2/repository/com/google/api/grpc/proto-google-cloud-bigtable-admin-v2/2.14.1/proto-google-cloud-bigtable-admin-v2-2.14.1.jar:/Users/giaivi/.m2/repository/io/grpc/grpc-rls/1.49.2/grpc-rls-1.49.2.jar:/Users/giaivi/.m2/repository/com/google/cloud/google-cloud-spanner/6.31.2/google-cloud-spanner-6.31.2.jar:/Users/giaivi/.m2/repository/com/google/cloud/grpc-gcp/1.2.1/grpc-gcp-1.2.1.jar:/Users/giaivi/.m2/repository/com/google/api/grpc/grpc-google-common-protos/2.9.6/grpc-google-common-protos-2.9.6.jar:/Users/giaivi/.m2/repository/com/google/cloud/google-cloud-core-grpc/2.8.20/google-cloud-core-grpc-2.8.20.jar:/Users/giaivi/.m2/repository/io/opencensus/opencensus-contrib-grpc-util/0.31.1/opencensus-contrib-grpc-util-0.31.1.jar:/Users/giaivi/.m2/repository/com/google/api/grpc/proto-google-cloud-spanner-admin-instance-v1/6.31.2/proto-google-cloud-spanner-admin-instance-v1-6.31.2.jar:/Users/giaivi/.m2/repository/com/google/api/grpc/proto-google-cloud-spanner-v1/6.31.2/proto-google-cloud-spanner-v1-6.31.2.jar:/Users/giaivi/.m2/repository/com/google/api/grpc/proto-google-cloud-spanner-admin-database-v1/6.31.2/proto-google-cloud-spanner-admin-database-v1-6.31.2.jar:/Users/giaivi/.m2/repository/com/google/api/grpc/grpc-google-cloud-spanner-admin-instance-v1/6.31.2/grpc-google-cloud-spanner-admin-instance-v1-6.31.2.jar:/Users/giaivi/.m2/repository/com/google/api/grpc/grpc-google-cloud-spanner-v1/6.31.2/grpc-google-cloud-spanner-v1-6.31.2.jar:/Users/giaivi/.m2/repository/com/google/api/grpc/grpc-google-cloud-spanner-admin-database-v1/6.31.2/grpc-google-cloud-spanner-admin-database-v1-6.31.2.jar:/Users/giaivi/.m2/repository/com/google/cloud/google-cloud-pubsub/1.120.20/google-cloud-pubsub-1.120.20.jar:/Users/giaivi/.m2/repository/com/google/api/grpc/proto-google-cloud-pubsub-v1/1.102.20/proto-google-cloud-pubsub-v1-1.102.20.jar:/Users/giaivi/.m2/repository/com/google/auto/value/auto-value/1.8.2/auto-value-1.8.2.jar:/Users/giaivi/.m2/repository/com/google/auto/value/auto-value-annotations/1.8.2/auto-value-annotations-1.8.2.jar:/Users/giaivi/.m2/repository/com/google/guava/guava/31.0.1-jre/guava-31.0.1-jre.jar:/Users/giaivi/.m2/repository/com/google/re2j/re2j/1.5/re2j-1.5.jar:/Users/giaivi/.m2/repository/org/slf4j/slf4j-simple/1.7.25/slf4j-simple-1.7.25.jar:/Users/giaivi/.m2/repository/org/testcontainers/testcontainers/1.17.5/testcontainers-1.17.5.jar:/Users/giaivi/.m2/repository/org/apache/commons/commons-compress/1.21/commons-compress-1.21.jar:/Users/giaivi/.m2/repository/org/rnorth/duct-tape/duct-tape/1.0.8/duct-tape-1.0.8.jar:/Users/giaivi/.m2/repository/org/jetbrains/annotations/17.0.0/annotations-17.0.0.jar:/Users/giaivi/.m2/repository/com/github/docker-java/docker-java-api/3.2.13/docker-java-api-3.2.13.jar:/Users/giaivi/.m2/repository/com/github/docker-java/docker-java-transport-zerodep/3.2.13/docker-java-transport-zerodep-3.2.13.jar:/Users/giaivi/.m2/repository/com/github/docker-java/docker-java-transport/3.2.13/docker-java-transport-3.2.13.jar:/Users/giaivi/.m2/repository/net/java/dev/jna/jna/5.8.0/jna-5.8.0.jar:/Users/giaivi/.m2/repository/org/testcontainers/mongodb/1.17.5/mongodb-1.17.5.jar:/Users/giaivi/.m2/repository/org/mongodb/mongodb-driver-sync/3.12.10/mongodb-driver-sync-3.12.10.jar:/Users/giaivi/.m2/repository/org/mongodb/bson/3.12.10/bson-3.12.10.jar:/Users/giaivi/.m2/repository/org/mongodb/mongodb-driver-core/3.12.10/mongodb-driver-core-3.12.10.jar:/Users/giaivi/.m2/repository/com/google/truth/truth/1.0.1/truth-1.0.1.jar:/Users/giaivi/.m2/repository/com/googlecode/java-diff-utils/diffutils/1.3.0/diffutils-1.3.0.jar:/Users/giaivi/.m2/repository/junit/junit/4.13.1/junit-4.13.1.jar:/Users/giaivi/.m2/repository/org/hamcrest/hamcrest-core/1.3/hamcrest-core-1.3.jar:/Users/giaivi/.m2/repository/org/mockito/mockito-core/3.7.7/mockito-core-3.7.7.jar:/Users/giaivi/.m2/repository/net/bytebuddy/byte-buddy/1.10.19/byte-buddy-1.10.19.jar:/Users/giaivi/.m2/repository/net/bytebuddy/byte-buddy-agent/1.10.19/byte-buddy-agent-1.10.19.jar:/Users/giaivi/.m2/repository/org/objenesis/objenesis/3.1/objenesis-3.1.jar:/Users/giaivi/.m2/repository/org/mockito/mockito-inline/4.5.1/mockito-inline-4.5.1.jar:"/>
    <property name="java.vm.vendor" value="Oracle Corporation"/>
    <property name="sun.arch.data.model" value="64"/>
    <property name="java.vendor.url" value="https://java.oracle.com/"/>
    <property name="os.name" value="Mac OS X"/>
    <property name="java.vm.specification.version" value="17"/>
    <property name="sun.java.launcher" value="SUN_STANDARD"/>
    <property name="user.country" value="VN"/>
    <property name="sun.boot.library.path" value="/Library/Java/JavaVirtualMachines/jdk-17.0.4.1.jdk/Contents/Home/lib"/>
    <property name="sun.java.command" value="/Users/giaivi/Desktop/work/PINETREE/dataflow/DataflowTemplates/it/target/surefire/surefirebooter7053364971141771098.jar /Users/giaivi/Desktop/work/PINETREE/dataflow/DataflowTemplates/it/target/surefire 2022-12-20T13-44-27_104-jvmRun1 surefire9806505044598107465tmp surefire_11976000281915815508tmp"/>
    <property name="http.nonProxyHosts" value="local|*.local|169.254/16|*.169.254/16"/>
    <property name="jdk.debug" value="release"/>
    <property name="surefire.test.class.path" value="/Users/giaivi/Desktop/work/PINETREE/dataflow/DataflowTemplates/it/target/test-classes:/Users/giaivi/Desktop/work/PINETREE/dataflow/DataflowTemplates/it/target/classes:/Users/giaivi/Desktop/work/PINETREE/dataflow/DataflowTemplates/metadata/target/metadata-1.0-SNAPSHOT.jar:/Users/giaivi/.m2/repository/com/google/apis/google-api-services-dataflow/v1b3-rev20220920-2.0.0/google-api-services-dataflow-v1b3-rev20220920-2.0.0.jar:/Users/giaivi/.m2/repository/com/google/api-client/google-api-client/2.0.0/google-api-client-2.0.0.jar:/Users/giaivi/.m2/repository/com/google/cloud/google-cloud-storage/2.2.2/google-cloud-storage-2.2.2.jar:/Users/giaivi/.m2/repository/com/google/guava/failureaccess/1.0.1/failureaccess-1.0.1.jar:/Users/giaivi/.m2/repository/com/google/guava/listenablefuture/9999.0-empty-to-avoid-conflict-with-guava/listenablefuture-9999.0-empty-to-avoid-conflict-with-guava.jar:/Users/giaivi/.m2/repository/com/google/code/findbugs/jsr305/3.0.2/jsr305-3.0.2.jar:/Users/giaivi/.m2/repository/org/checkerframework/checker-qual/3.19.0/checker-qual-3.19.0.jar:/Users/giaivi/.m2/repository/com/google/j2objc/j2objc-annotations/1.3/j2objc-annotations-1.3.jar:/Users/giaivi/.m2/repository/com/google/http-client/google-http-client/1.42.2/google-http-client-1.42.2.jar:/Users/giaivi/.m2/repository/io/opencensus/opencensus-contrib-http-util/0.28.0/opencensus-contrib-http-util-0.28.0.jar:/Users/giaivi/.m2/repository/com/google/http-client/google-http-client-jackson2/1.42.2/google-http-client-jackson2-1.42.2.jar:/Users/giaivi/.m2/repository/com/fasterxml/jackson/core/jackson-core/2.14.1/jackson-core-2.14.1.jar:/Users/giaivi/.m2/repository/com/google/oauth-client/google-oauth-client/1.34.1/google-oauth-client-1.34.1.jar:/Users/giaivi/.m2/repository/com/google/http-client/google-http-client-gson/1.42.2/google-http-client-gson-1.42.2.jar:/Users/giaivi/.m2/repository/com/google/http-client/google-http-client-apache-v2/1.42.2/google-http-client-apache-v2-1.42.2.jar:/Users/giaivi/.m2/repository/com/google/apis/google-api-services-storage/v1-rev20211201-1.32.1/google-api-services-storage-v1-rev20211201-1.32.1.jar:/Users/giaivi/.m2/repository/com/google/code/gson/gson/2.9.1/gson-2.9.1.jar:/Users/giaivi/.m2/repository/com/google/cloud/google-cloud-core/2.8.20/google-cloud-core-2.8.20.jar:/Users/giaivi/.m2/repository/com/google/api/grpc/proto-google-common-protos/2.9.6/proto-google-common-protos-2.9.6.jar:/Users/giaivi/.m2/repository/com/google/cloud/google-cloud-core-http/2.8.20/google-cloud-core-http-2.8.20.jar:/Users/giaivi/.m2/repository/com/google/http-client/google-http-client-appengine/1.42.2/google-http-client-appengine-1.42.2.jar:/Users/giaivi/.m2/repository/com/google/api/gax-httpjson/0.104.2/gax-httpjson-0.104.2.jar:/Users/giaivi/.m2/repository/com/google/api/gax/2.19.2/gax-2.19.2.jar:/Users/giaivi/.m2/repository/com/google/auth/google-auth-library-credentials/1.11.0/google-auth-library-credentials-1.11.0.jar:/Users/giaivi/.m2/repository/com/google/auth/google-auth-library-oauth2-http/1.11.0/google-auth-library-oauth2-http-1.11.0.jar:/Users/giaivi/.m2/repository/com/google/api/api-common/2.2.1/api-common-2.2.1.jar:/Users/giaivi/.m2/repository/javax/annotation/javax.annotation-api/1.3.2/javax.annotation-api-1.3.2.jar:/Users/giaivi/.m2/repository/io/opencensus/opencensus-api/0.28.0/opencensus-api-0.28.0.jar:/Users/giaivi/.m2/repository/io/grpc/grpc-context/1.49.2/grpc-context-1.49.2.jar:/Users/giaivi/.m2/repository/com/google/api/grpc/proto-google-iam-v1/1.6.2/proto-google-iam-v1-1.6.2.jar:/Users/giaivi/.m2/repository/com/google/protobuf/protobuf-java/3.21.7/protobuf-java-3.21.7.jar:/Users/giaivi/.m2/repository/com/google/protobuf/protobuf-java-util/3.21.7/protobuf-java-util-3.21.7.jar:/Users/giaivi/.m2/repository/org/threeten/threetenbp/1.5.2/threetenbp-1.5.2.jar:/Users/giaivi/.m2/repository/com/google/cloud/google-cloud-bigquery/2.17.0/google-cloud-bigquery-2.17.0.jar:/Users/giaivi/.m2/repository/org/apache/httpcomponents/httpclient/4.5.13/httpclient-4.5.13.jar:/Users/giaivi/.m2/repository/commons-logging/commons-logging/1.2/commons-logging-1.2.jar:/Users/giaivi/.m2/repository/org/apache/httpcomponents/httpcore/4.4.15/httpcore-4.4.15.jar:/Users/giaivi/.m2/repository/org/checkerframework/checker-compat-qual/2.5.5/checker-compat-qual-2.5.5.jar:/Users/giaivi/.m2/repository/com/google/apis/google-api-services-bigquery/v2-rev20220924-2.0.0/google-api-services-bigquery-v2-rev20220924-2.0.0.jar:/Users/giaivi/.m2/repository/org/threeten/threeten-extra/1.7.1/threeten-extra-1.7.1.jar:/Users/giaivi/.m2/repository/com/google/cloud/google-cloud-bigquerystorage/2.23.1/google-cloud-bigquerystorage-2.23.1.jar:/Users/giaivi/.m2/repository/io/grpc/grpc-api/1.49.2/grpc-api-1.49.2.jar:/Users/giaivi/.m2/repository/io/grpc/grpc-stub/1.49.2/grpc-stub-1.49.2.jar:/Users/giaivi/.m2/repository/io/grpc/grpc-protobuf/1.49.2/grpc-protobuf-1.49.2.jar:/Users/giaivi/.m2/repository/io/grpc/grpc-protobuf-lite/1.49.2/grpc-protobuf-lite-1.49.2.jar:/Users/giaivi/.m2/repository/com/google/api/grpc/proto-google-cloud-bigquerystorage-v1beta1/0.147.1/proto-google-cloud-bigquerystorage-v1beta1-0.147.1.jar:/Users/giaivi/.m2/repository/com/google/api/grpc/proto-google-cloud-bigquerystorage-v1beta2/0.147.1/proto-google-cloud-bigquerystorage-v1beta2-0.147.1.jar:/Users/giaivi/.m2/repository/com/google/api/gax-grpc/2.19.2/gax-grpc-2.19.2.jar:/Users/giaivi/.m2/repository/io/grpc/grpc-alts/1.49.2/grpc-alts-1.49.2.jar:/Users/giaivi/.m2/repository/io/grpc/grpc-grpclb/1.49.2/grpc-grpclb-1.49.2.jar:/Users/giaivi/.m2/repository/org/conscrypt/conscrypt-openjdk-uber/2.5.1/conscrypt-openjdk-uber-2.5.1.jar:/Users/giaivi/.m2/repository/io/grpc/grpc-auth/1.49.2/grpc-auth-1.49.2.jar:/Users/giaivi/.m2/repository/io/grpc/grpc-netty-shaded/1.49.2/grpc-netty-shaded-1.49.2.jar:/Users/giaivi/.m2/repository/io/grpc/grpc-googleapis/1.49.2/grpc-googleapis-1.49.2.jar:/Users/giaivi/.m2/repository/org/json/json/20200518/json-20200518.jar:/Users/giaivi/.m2/repository/io/grpc/grpc-core/1.49.2/grpc-core-1.49.2.jar:/Users/giaivi/.m2/repository/com/google/android/annotations/4.1.1.4/annotations-4.1.1.4.jar:/Users/giaivi/.m2/repository/org/codehaus/mojo/animal-sniffer-annotations/1.22/animal-sniffer-annotations-1.22.jar:/Users/giaivi/.m2/repository/io/perfmark/perfmark-api/0.25.0/perfmark-api-0.25.0.jar:/Users/giaivi/.m2/repository/com/google/api/grpc/grpc-google-cloud-bigquerystorage-v1beta1/0.147.1/grpc-google-cloud-bigquerystorage-v1beta1-0.147.1.jar:/Users/giaivi/.m2/repository/com/google/api/grpc/grpc-google-cloud-bigquerystorage-v1beta2/0.147.1/grpc-google-cloud-bigquerystorage-v1beta2-0.147.1.jar:/Users/giaivi/.m2/repository/com/google/api/grpc/grpc-google-cloud-bigquerystorage-v1/2.23.1/grpc-google-cloud-bigquerystorage-v1-2.23.1.jar:/Users/giaivi/.m2/repository/com/google/api/grpc/proto-google-cloud-bigquerystorage-v1/2.23.1/proto-google-cloud-bigquerystorage-v1-2.23.1.jar:/Users/giaivi/.m2/repository/org/apache/arrow/arrow-vector/9.0.0/arrow-vector-9.0.0.jar:/Users/giaivi/.m2/repository/org/apache/arrow/arrow-format/9.0.0/arrow-format-9.0.0.jar:/Users/giaivi/.m2/repository/com/fasterxml/jackson/core/jackson-annotations/2.14.1/jackson-annotations-2.14.1.jar:/Users/giaivi/.m2/repository/com/fasterxml/jackson/core/jackson-databind/2.14.1/jackson-databind-2.14.1.jar:/Users/giaivi/.m2/repository/com/fasterxml/jackson/datatype/jackson-datatype-jsr310/2.14.1/jackson-datatype-jsr310-2.14.1.jar:/Users/giaivi/.m2/repository/commons-codec/commons-codec/1.15/commons-codec-1.15.jar:/Users/giaivi/.m2/repository/io/netty/netty-common/4.1.78.Final/netty-common-4.1.78.Final.jar:/Users/giaivi/.m2/repository/com/google/flatbuffers/flatbuffers-java/1.12.0/flatbuffers-java-1.12.0.jar:/Users/giaivi/.m2/repository/org/slf4j/slf4j-api/1.7.25/slf4j-api-1.7.25.jar:/Users/giaivi/.m2/repository/org/apache/arrow/arrow-memory-core/9.0.0/arrow-memory-core-9.0.0.jar:/Users/giaivi/.m2/repository/org/apache/arrow/arrow-memory-netty/9.0.0/arrow-memory-netty-9.0.0.jar:/Users/giaivi/.m2/repository/io/netty/netty-buffer/4.1.78.Final/netty-buffer-4.1.78.Final.jar:/Users/giaivi/.m2/repository/com/google/errorprone/error_prone_annotations/2.15.0/error_prone_annotations-2.15.0.jar:/Users/giaivi/.m2/repository/com/google/cloud/google-cloud-monitoring/3.4.6/google-cloud-monitoring-3.4.6.jar:/Users/giaivi/.m2/repository/com/google/api/grpc/proto-google-cloud-monitoring-v3/3.4.6/proto-google-cloud-monitoring-v3-3.4.6.jar:/Users/giaivi/.m2/repository/io/grpc/grpc-xds/1.49.2/grpc-xds-1.49.2.jar:/Users/giaivi/.m2/repository/io/opencensus/opencensus-proto/0.2.0/opencensus-proto-0.2.0.jar:/Users/giaivi/.m2/repository/io/grpc/grpc-services/1.49.2/grpc-services-1.49.2.jar:/Users/giaivi/.m2/repository/com/google/cloud/google-cloud-bigtable/2.14.1/google-cloud-bigtable-2.14.1.jar:/Users/giaivi/.m2/repository/com/google/cloud/google-cloud-bigtable-stats/2.14.1/google-cloud-bigtable-stats-2.14.1.jar:/Users/giaivi/.m2/repository/com/lmax/disruptor/3.4.2/disruptor-3.4.2.jar:/Users/giaivi/.m2/repository/com/google/api/grpc/grpc-google-cloud-bigtable-v2/2.14.1/grpc-google-cloud-bigtable-v2-2.14.1.jar:/Users/giaivi/.m2/repository/com/google/api/grpc/proto-google-cloud-bigtable-v2/2.14.1/proto-google-cloud-bigtable-v2-2.14.1.jar:/Users/giaivi/.m2/repository/com/google/api/grpc/proto-google-cloud-bigtable-admin-v2/2.14.1/proto-google-cloud-bigtable-admin-v2-2.14.1.jar:/Users/giaivi/.m2/repository/io/grpc/grpc-rls/1.49.2/grpc-rls-1.49.2.jar:/Users/giaivi/.m2/repository/com/google/cloud/google-cloud-spanner/6.31.2/google-cloud-spanner-6.31.2.jar:/Users/giaivi/.m2/repository/com/google/cloud/grpc-gcp/1.2.1/grpc-gcp-1.2.1.jar:/Users/giaivi/.m2/repository/com/google/api/grpc/grpc-google-common-protos/2.9.6/grpc-google-common-protos-2.9.6.jar:/Users/giaivi/.m2/repository/com/google/cloud/google-cloud-core-grpc/2.8.20/google-cloud-core-grpc-2.8.20.jar:/Users/giaivi/.m2/repository/io/opencensus/opencensus-contrib-grpc-util/0.31.1/opencensus-contrib-grpc-util-0.31.1.jar:/Users/giaivi/.m2/repository/com/google/api/grpc/proto-google-cloud-spanner-admin-instance-v1/6.31.2/proto-google-cloud-spanner-admin-instance-v1-6.31.2.jar:/Users/giaivi/.m2/repository/com/google/api/grpc/proto-google-cloud-spanner-v1/6.31.2/proto-google-cloud-spanner-v1-6.31.2.jar:/Users/giaivi/.m2/repository/com/google/api/grpc/proto-google-cloud-spanner-admin-database-v1/6.31.2/proto-google-cloud-spanner-admin-database-v1-6.31.2.jar:/Users/giaivi/.m2/repository/com/google/api/grpc/grpc-google-cloud-spanner-admin-instance-v1/6.31.2/grpc-google-cloud-spanner-admin-instance-v1-6.31.2.jar:/Users/giaivi/.m2/repository/com/google/api/grpc/grpc-google-cloud-spanner-v1/6.31.2/grpc-google-cloud-spanner-v1-6.31.2.jar:/Users/giaivi/.m2/repository/com/google/api/grpc/grpc-google-cloud-spanner-admin-database-v1/6.31.2/grpc-google-cloud-spanner-admin-database-v1-6.31.2.jar:/Users/giaivi/.m2/repository/com/google/cloud/google-cloud-pubsub/1.120.20/google-cloud-pubsub-1.120.20.jar:/Users/giaivi/.m2/repository/com/google/api/grpc/proto-google-cloud-pubsub-v1/1.102.20/proto-google-cloud-pubsub-v1-1.102.20.jar:/Users/giaivi/.m2/repository/com/google/auto/value/auto-value/1.8.2/auto-value-1.8.2.jar:/Users/giaivi/.m2/repository/com/google/auto/value/auto-value-annotations/1.8.2/auto-value-annotations-1.8.2.jar:/Users/giaivi/.m2/repository/com/google/guava/guava/31.0.1-jre/guava-31.0.1-jre.jar:/Users/giaivi/.m2/repository/com/google/re2j/re2j/1.5/re2j-1.5.jar:/Users/giaivi/.m2/repository/org/slf4j/slf4j-simple/1.7.25/slf4j-simple-1.7.25.jar:/Users/giaivi/.m2/repository/org/testcontainers/testcontainers/1.17.5/testcontainers-1.17.5.jar:/Users/giaivi/.m2/repository/org/apache/commons/commons-compress/1.21/commons-compress-1.21.jar:/Users/giaivi/.m2/repository/org/rnorth/duct-tape/duct-tape/1.0.8/duct-tape-1.0.8.jar:/Users/giaivi/.m2/repository/org/jetbrains/annotations/17.0.0/annotations-17.0.0.jar:/Users/giaivi/.m2/repository/com/github/docker-java/docker-java-api/3.2.13/docker-java-api-3.2.13.jar:/Users/giaivi/.m2/repository/com/github/docker-java/docker-java-transport-zerodep/3.2.13/docker-java-transport-zerodep-3.2.13.jar:/Users/giaivi/.m2/repository/com/github/docker-java/docker-java-transport/3.2.13/docker-java-transport-3.2.13.jar:/Users/giaivi/.m2/repository/net/java/dev/jna/jna/5.8.0/jna-5.8.0.jar:/Users/giaivi/.m2/repository/org/testcontainers/mongodb/1.17.5/mongodb-1.17.5.jar:/Users/giaivi/.m2/repository/org/mongodb/mongodb-driver-sync/3.12.10/mongodb-driver-sync-3.12.10.jar:/Users/giaivi/.m2/repository/org/mongodb/bson/3.12.10/bson-3.12.10.jar:/Users/giaivi/.m2/repository/org/mongodb/mongodb-driver-core/3.12.10/mongodb-driver-core-3.12.10.jar:/Users/giaivi/.m2/repository/com/google/truth/truth/1.0.1/truth-1.0.1.jar:/Users/giaivi/.m2/repository/com/googlecode/java-diff-utils/diffutils/1.3.0/diffutils-1.3.0.jar:/Users/giaivi/.m2/repository/junit/junit/4.13.1/junit-4.13.1.jar:/Users/giaivi/.m2/repository/org/hamcrest/hamcrest-core/1.3/hamcrest-core-1.3.jar:/Users/giaivi/.m2/repository/org/mockito/mockito-core/3.7.7/mockito-core-3.7.7.jar:/Users/giaivi/.m2/repository/net/bytebuddy/byte-buddy/1.10.19/byte-buddy-1.10.19.jar:/Users/giaivi/.m2/repository/net/bytebuddy/byte-buddy-agent/1.10.19/byte-buddy-agent-1.10.19.jar:/Users/giaivi/.m2/repository/org/objenesis/objenesis/3.1/objenesis-3.1.jar:/Users/giaivi/.m2/repository/org/mockito/mockito-inline/4.5.1/mockito-inline-4.5.1.jar:"/>
    <property name="sun.cpu.endian" value="little"/>
    <property name="user.home" value="/Users/giaivi"/>
    <property name="user.language" value="en"/>
    <property name="java.specification.vendor" value="Oracle Corporation"/>
    <property name="java.version.date" value="2022-08-18"/>
    <property name="java.home" value="/Library/Java/JavaVirtualMachines/jdk-17.0.4.1.jdk/Contents/Home"/>
    <property name="file.separator" value="/"/>
    <property name="basedir" value="/Users/giaivi/Desktop/work/PINETREE/dataflow/DataflowTemplates/it"/>
    <property name="java.vm.compressedOopsMode" value="Zero based"/>
    <property name="line.separator" value="&#10;"/>
    <property name="java.specification.name" value="Java Platform API Specification"/>
    <property name="java.vm.specification.vendor" value="Oracle Corporation"/>
    <property name="surefire.real.class.path" value="/Users/giaivi/Desktop/work/PINETREE/dataflow/DataflowTemplates/it/target/surefire/surefirebooter7053364971141771098.jar"/>
    <property name="sun.management.compiler" value="HotSpot 64-Bit Tiered Compilers"/>
    <property name="ftp.nonProxyHosts" value="local|*.local|169.254/16|*.169.254/16"/>
    <property name="java.runtime.version" value="17.0.4.1+1-LTS-2"/>
    <property name="user.name" value="giaivi"/>
    <property name="path.separator" value=":"/>
    <property name="os.version" value="13.0.1"/>
    <property name="java.runtime.name" value="Java(TM) SE Runtime Environment"/>
    <property name="file.encoding" value="UTF-8"/>
    <property name="java.vm.name" value="Java HotSpot(TM) 64-Bit Server VM"/>
    <property name="localRepository" value="/Users/giaivi/.m2/repository"/>
    <property name="java.vendor.url.bug" value="https://bugreport.java.com/bugreport/"/>
    <property name="java.io.tmpdir" value="/var/folders/zg/31v9k5b96qj0zkjd5g8m97tr0000gn/T/"/>
    <property name="java.version" value="17.0.4.1"/>
    <property name="user.dir" value="/Users/giaivi/Desktop/work/PINETREE/dataflow/DataflowTemplates/it"/>
    <property name="os.arch" value="aarch64"/>
    <property name="java.vm.specification.name" value="Java Virtual Machine Specification"/>
    <property name="native.encoding" value="UTF-8"/>
    <property name="java.library.path" value="/Users/giaivi/Library/Java/Extensions:/Library/Java/Extensions:/Network/Library/Java/Extensions:/System/Library/Java/Extensions:/usr/lib/java:."/>
    <property name="java.vm.info" value="mixed mode, sharing"/>
    <property name="java.vendor" value="Oracle Corporation"/>
    <property name="java.vm.version" value="17.0.4.1+1-LTS-2"/>
    <property name="sun.io.unicode.encoding" value="UnicodeBig"/>
    <property name="socksNonProxyHosts" value="local|*.local|169.254/16|*.169.254/16"/>
    <property name="java.class.version" value="61.0"/>
  </properties>
  <testcase name="testCreateTableShouldThrowExceptionWhenSpannerUpdateDatabaseFails" classname="com.google.cloud.teleport.it.spanner.DefaultSpannerResourceManagerTest" time="0.011">
    <error message="&#10;Mockito cannot mock this class: interface com.google.cloud.spanner.Spanner.&#10;&#10;If you&apos;re not sure why you&apos;re getting this error, please report to the mailing list.&#10;&#10;&#10;Java               : 17&#10;JVM vendor name    : Oracle Corporation&#10;JVM vendor version : 17.0.4.1+1-LTS-2&#10;JVM name           : Java HotSpot(TM) 64-Bit Server VM&#10;JVM version        : 17.0.4.1+1-LTS-2&#10;JVM info           : mixed mode, sharing&#10;OS name            : Mac OS X&#10;OS version         : 13.0.1&#10;&#10;&#10;You are seeing this disclaimer because Mockito is configured to create inlined mocks.&#10;You can learn about inline mocks and their limitations under item #39 of the Mockito class javadoc.&#10;&#10;Underlying exception : org.mockito.exceptions.base.MockitoException: Could not modify all classes [interface com.google.cloud.spanner.Spanner, interface java.lang.AutoCloseable]" type="org.mockito.exceptions.base.MockitoException">org.mockito.exceptions.base.MockitoException: 

Mockito cannot mock this class: interface com.google.cloud.spanner.Spanner.

If you're not sure why you're getting this error, please report to the mailing list.


Java               : 17
JVM vendor name    : Oracle Corporation
JVM vendor version : 17.0.4.1+1-LTS-2
JVM name           : Java HotSpot(TM) 64-Bit Server VM
JVM version        : 17.0.4.1+1-LTS-2
JVM info           : mixed mode, sharing
OS name            : Mac OS X
OS version         : 13.0.1


You are seeing this disclaimer because Mockito is configured to create inlined mocks.
You can learn about inline mocks and their limitations under item #39 of the Mockito class javadoc.

Underlying exception : org.mockito.exceptions.base.MockitoException: Could not modify all classes [interface com.google.cloud.spanner.Spanner, interface java.lang.AutoCloseable]
Caused by: org.mockito.exceptions.base.MockitoException: Could not modify all classes [interface com.google.cloud.spanner.Spanner, interface java.lang.AutoCloseable]
Caused by: java.lang.IllegalStateException: 

Byte Buddy could not instrument all classes within the mock's type hierarchy

This problem should never occur for javac-compiled classes. This problem has been observed for classes that are:
 - Compiled by older versions of scalac
 - Classes that are part of the Android distribution
Caused by: java.lang.IllegalArgumentException: Unsupported class file major version 61
</error>
  </testcase>
  <testcase name="testWriteMultipleRecordsShouldThrowExceptionWhenCalledBeforeCreateTable" classname="com.google.cloud.teleport.it.spanner.DefaultSpannerResourceManagerTest" time="0.009">
    <error message="&#10;Mockito cannot mock this class: interface com.google.cloud.spanner.Spanner.&#10;&#10;If you&apos;re not sure why you&apos;re getting this error, please report to the mailing list.&#10;&#10;&#10;Java               : 17&#10;JVM vendor name    : Oracle Corporation&#10;JVM vendor version : 17.0.4.1+1-LTS-2&#10;JVM name           : Java HotSpot(TM) 64-Bit Server VM&#10;JVM version        : 17.0.4.1+1-LTS-2&#10;JVM info           : mixed mode, sharing&#10;OS name            : Mac OS X&#10;OS version         : 13.0.1&#10;&#10;&#10;You are seeing this disclaimer because Mockito is configured to create inlined mocks.&#10;You can learn about inline mocks and their limitations under item #39 of the Mockito class javadoc.&#10;&#10;Underlying exception : org.mockito.exceptions.base.MockitoException: Could not modify all classes [interface com.google.cloud.spanner.Spanner, interface java.lang.AutoCloseable]" type="org.mockito.exceptions.base.MockitoException">org.mockito.exceptions.base.MockitoException: 

Mockito cannot mock this class: interface com.google.cloud.spanner.Spanner.

If you're not sure why you're getting this error, please report to the mailing list.


Java               : 17
JVM vendor name    : Oracle Corporation
JVM vendor version : 17.0.4.1+1-LTS-2
JVM name           : Java HotSpot(TM) 64-Bit Server VM
JVM version        : 17.0.4.1+1-LTS-2
JVM info           : mixed mode, sharing
OS name            : Mac OS X
OS version         : 13.0.1


You are seeing this disclaimer because Mockito is configured to create inlined mocks.
You can learn about inline mocks and their limitations under item #39 of the Mockito class javadoc.

Underlying exception : org.mockito.exceptions.base.MockitoException: Could not modify all classes [interface com.google.cloud.spanner.Spanner, interface java.lang.AutoCloseable]
Caused by: org.mockito.exceptions.base.MockitoException: Could not modify all classes [interface com.google.cloud.spanner.Spanner, interface java.lang.AutoCloseable]
Caused by: java.lang.IllegalStateException: 

Byte Buddy could not instrument all classes within the mock's type hierarchy

This problem should never occur for javac-compiled classes. This problem has been observed for classes that are:
 - Compiled by older versions of scalac
 - Classes that are part of the Android distribution
Caused by: java.lang.IllegalArgumentException: Unsupported class file major version 61
</error>
  </testcase>
  <testcase name="testReadRecordsShouldThrowExceptionWhenSpannerReadFails" classname="com.google.cloud.teleport.it.spanner.DefaultSpannerResourceManagerTest" time="0.013">
    <error message="&#10;Mockito cannot mock this class: interface com.google.cloud.spanner.Spanner.&#10;&#10;If you&apos;re not sure why you&apos;re getting this error, please report to the mailing list.&#10;&#10;&#10;Java               : 17&#10;JVM vendor name    : Oracle Corporation&#10;JVM vendor version : 17.0.4.1+1-LTS-2&#10;JVM name           : Java HotSpot(TM) 64-Bit Server VM&#10;JVM version        : 17.0.4.1+1-LTS-2&#10;JVM info           : mixed mode, sharing&#10;OS name            : Mac OS X&#10;OS version         : 13.0.1&#10;&#10;&#10;You are seeing this disclaimer because Mockito is configured to create inlined mocks.&#10;You can learn about inline mocks and their limitations under item #39 of the Mockito class javadoc.&#10;&#10;Underlying exception : org.mockito.exceptions.base.MockitoException: Could not modify all classes [interface com.google.cloud.spanner.Spanner, interface java.lang.AutoCloseable]" type="org.mockito.exceptions.base.MockitoException">org.mockito.exceptions.base.MockitoException: 

Mockito cannot mock this class: interface com.google.cloud.spanner.Spanner.

If you're not sure why you're getting this error, please report to the mailing list.


Java               : 17
JVM vendor name    : Oracle Corporation
JVM vendor version : 17.0.4.1+1-LTS-2
JVM name           : Java HotSpot(TM) 64-Bit Server VM
JVM version        : 17.0.4.1+1-LTS-2
JVM info           : mixed mode, sharing
OS name            : Mac OS X
OS version         : 13.0.1


You are seeing this disclaimer because Mockito is configured to create inlined mocks.
You can learn about inline mocks and their limitations under item #39 of the Mockito class javadoc.

Underlying exception : org.mockito.exceptions.base.MockitoException: Could not modify all classes [interface com.google.cloud.spanner.Spanner, interface java.lang.AutoCloseable]
Caused by: org.mockito.exceptions.base.MockitoException: Could not modify all classes [interface com.google.cloud.spanner.Spanner, interface java.lang.AutoCloseable]
Caused by: java.lang.IllegalStateException: 

Byte Buddy could not instrument all classes within the mock's type hierarchy

This problem should never occur for javac-compiled classes. This problem has been observed for classes that are:
 - Compiled by older versions of scalac
 - Classes that are part of the Android distribution
Caused by: java.lang.IllegalArgumentException: Unsupported class file major version 61
</error>
  </testcase>
  <testcase name="testCleanupAllShouldThrowExceptionWhenSpannerDeleteInstanceFails" classname="com.google.cloud.teleport.it.spanner.DefaultSpannerResourceManagerTest" time="0.015">
    <error message="&#10;Mockito cannot mock this class: interface com.google.cloud.spanner.Spanner.&#10;&#10;If you&apos;re not sure why you&apos;re getting this error, please report to the mailing list.&#10;&#10;&#10;Java               : 17&#10;JVM vendor name    : Oracle Corporation&#10;JVM vendor version : 17.0.4.1+1-LTS-2&#10;JVM name           : Java HotSpot(TM) 64-Bit Server VM&#10;JVM version        : 17.0.4.1+1-LTS-2&#10;JVM info           : mixed mode, sharing&#10;OS name            : Mac OS X&#10;OS version         : 13.0.1&#10;&#10;&#10;You are seeing this disclaimer because Mockito is configured to create inlined mocks.&#10;You can learn about inline mocks and their limitations under item #39 of the Mockito class javadoc.&#10;&#10;Underlying exception : org.mockito.exceptions.base.MockitoException: Could not modify all classes [interface com.google.cloud.spanner.Spanner, interface java.lang.AutoCloseable]" type="org.mockito.exceptions.base.MockitoException">org.mockito.exceptions.base.MockitoException: 

Mockito cannot mock this class: interface com.google.cloud.spanner.Spanner.

If you're not sure why you're getting this error, please report to the mailing list.


Java               : 17
JVM vendor name    : Oracle Corporation
JVM vendor version : 17.0.4.1+1-LTS-2
JVM name           : Java HotSpot(TM) 64-Bit Server VM
JVM version        : 17.0.4.1+1-LTS-2
JVM info           : mixed mode, sharing
OS name            : Mac OS X
OS version         : 13.0.1


You are seeing this disclaimer because Mockito is configured to create inlined mocks.
You can learn about inline mocks and their limitations under item #39 of the Mockito class javadoc.

Underlying exception : org.mockito.exceptions.base.MockitoException: Could not modify all classes [interface com.google.cloud.spanner.Spanner, interface java.lang.AutoCloseable]
Caused by: org.mockito.exceptions.base.MockitoException: Could not modify all classes [interface com.google.cloud.spanner.Spanner, interface java.lang.AutoCloseable]
Caused by: java.lang.IllegalStateException: 

Byte Buddy could not instrument all classes within the mock's type hierarchy

This problem should never occur for javac-compiled classes. This problem has been observed for classes that are:
 - Compiled by older versions of scalac
 - Classes that are part of the Android distribution
Caused by: java.lang.IllegalArgumentException: Unsupported class file major version 61
</error>
  </testcase>
  <testcase name="testWriteSingleRecordShouldThrowExceptionWhenSpannerWriteFails" classname="com.google.cloud.teleport.it.spanner.DefaultSpannerResourceManagerTest" time="0.009">
    <error message="&#10;Mockito cannot mock this class: interface com.google.cloud.spanner.Spanner.&#10;&#10;If you&apos;re not sure why you&apos;re getting this error, please report to the mailing list.&#10;&#10;&#10;Java               : 17&#10;JVM vendor name    : Oracle Corporation&#10;JVM vendor version : 17.0.4.1+1-LTS-2&#10;JVM name           : Java HotSpot(TM) 64-Bit Server VM&#10;JVM version        : 17.0.4.1+1-LTS-2&#10;JVM info           : mixed mode, sharing&#10;OS name            : Mac OS X&#10;OS version         : 13.0.1&#10;&#10;&#10;You are seeing this disclaimer because Mockito is configured to create inlined mocks.&#10;You can learn about inline mocks and their limitations under item #39 of the Mockito class javadoc.&#10;&#10;Underlying exception : org.mockito.exceptions.base.MockitoException: Could not modify all classes [interface com.google.cloud.spanner.Spanner, interface java.lang.AutoCloseable]" type="org.mockito.exceptions.base.MockitoException">org.mockito.exceptions.base.MockitoException: 

Mockito cannot mock this class: interface com.google.cloud.spanner.Spanner.

If you're not sure why you're getting this error, please report to the mailing list.


Java               : 17
JVM vendor name    : Oracle Corporation
JVM vendor version : 17.0.4.1+1-LTS-2
JVM name           : Java HotSpot(TM) 64-Bit Server VM
JVM version        : 17.0.4.1+1-LTS-2
JVM info           : mixed mode, sharing
OS name            : Mac OS X
OS version         : 13.0.1


You are seeing this disclaimer because Mockito is configured to create inlined mocks.
You can learn about inline mocks and their limitations under item #39 of the Mockito class javadoc.

Underlying exception : org.mockito.exceptions.base.MockitoException: Could not modify all classes [interface com.google.cloud.spanner.Spanner, interface java.lang.AutoCloseable]
Caused by: org.mockito.exceptions.base.MockitoException: Could not modify all classes [interface com.google.cloud.spanner.Spanner, interface java.lang.AutoCloseable]
Caused by: java.lang.IllegalStateException: 

Byte Buddy could not instrument all classes within the mock's type hierarchy

This problem should never occur for javac-compiled classes. This problem has been observed for classes that are:
 - Compiled by older versions of scalac
 - Classes that are part of the Android distribution
Caused by: java.lang.IllegalArgumentException: Unsupported class file major version 61
</error>
  </testcase>
  <testcase name="testWriteMultipleRecordsShouldWorkWhenSpannerWriteSucceeds" classname="com.google.cloud.teleport.it.spanner.DefaultSpannerResourceManagerTest" time="0.008">
    <error message="&#10;Mockito cannot mock this class: interface com.google.cloud.spanner.Spanner.&#10;&#10;If you&apos;re not sure why you&apos;re getting this error, please report to the mailing list.&#10;&#10;&#10;Java               : 17&#10;JVM vendor name    : Oracle Corporation&#10;JVM vendor version : 17.0.4.1+1-LTS-2&#10;JVM name           : Java HotSpot(TM) 64-Bit Server VM&#10;JVM version        : 17.0.4.1+1-LTS-2&#10;JVM info           : mixed mode, sharing&#10;OS name            : Mac OS X&#10;OS version         : 13.0.1&#10;&#10;&#10;You are seeing this disclaimer because Mockito is configured to create inlined mocks.&#10;You can learn about inline mocks and their limitations under item #39 of the Mockito class javadoc.&#10;&#10;Underlying exception : org.mockito.exceptions.base.MockitoException: Could not modify all classes [interface com.google.cloud.spanner.Spanner, interface java.lang.AutoCloseable]" type="org.mockito.exceptions.base.MockitoException">org.mockito.exceptions.base.MockitoException: 

Mockito cannot mock this class: interface com.google.cloud.spanner.Spanner.

If you're not sure why you're getting this error, please report to the mailing list.


Java               : 17
JVM vendor name    : Oracle Corporation
JVM vendor version : 17.0.4.1+1-LTS-2
JVM name           : Java HotSpot(TM) 64-Bit Server VM
JVM version        : 17.0.4.1+1-LTS-2
JVM info           : mixed mode, sharing
OS name            : Mac OS X
OS version         : 13.0.1


You are seeing this disclaimer because Mockito is configured to create inlined mocks.
You can learn about inline mocks and their limitations under item #39 of the Mockito class javadoc.

Underlying exception : org.mockito.exceptions.base.MockitoException: Could not modify all classes [interface com.google.cloud.spanner.Spanner, interface java.lang.AutoCloseable]
Caused by: org.mockito.exceptions.base.MockitoException: Could not modify all classes [interface com.google.cloud.spanner.Spanner, interface java.lang.AutoCloseable]
Caused by: java.lang.IllegalStateException: 

Byte Buddy could not instrument all classes within the mock's type hierarchy

This problem should never occur for javac-compiled classes. This problem has been observed for classes that are:
 - Compiled by older versions of scalac
 - Classes that are part of the Android distribution
Caused by: java.lang.IllegalArgumentException: Unsupported class file major version 61
</error>
  </testcase>
  <testcase name="testCreateTableShouldThrowExceptionWhenSpannerCreateInstanceFails" classname="com.google.cloud.teleport.it.spanner.DefaultSpannerResourceManagerTest" time="0.009">
    <error message="&#10;Mockito cannot mock this class: interface com.google.cloud.spanner.Spanner.&#10;&#10;If you&apos;re not sure why you&apos;re getting this error, please report to the mailing list.&#10;&#10;&#10;Java               : 17&#10;JVM vendor name    : Oracle Corporation&#10;JVM vendor version : 17.0.4.1+1-LTS-2&#10;JVM name           : Java HotSpot(TM) 64-Bit Server VM&#10;JVM version        : 17.0.4.1+1-LTS-2&#10;JVM info           : mixed mode, sharing&#10;OS name            : Mac OS X&#10;OS version         : 13.0.1&#10;&#10;&#10;You are seeing this disclaimer because Mockito is configured to create inlined mocks.&#10;You can learn about inline mocks and their limitations under item #39 of the Mockito class javadoc.&#10;&#10;Underlying exception : org.mockito.exceptions.base.MockitoException: Could not modify all classes [interface com.google.cloud.spanner.Spanner, interface java.lang.AutoCloseable]" type="org.mockito.exceptions.base.MockitoException">org.mockito.exceptions.base.MockitoException: 

Mockito cannot mock this class: interface com.google.cloud.spanner.Spanner.

If you're not sure why you're getting this error, please report to the mailing list.


Java               : 17
JVM vendor name    : Oracle Corporation
JVM vendor version : 17.0.4.1+1-LTS-2
JVM name           : Java HotSpot(TM) 64-Bit Server VM
JVM version        : 17.0.4.1+1-LTS-2
JVM info           : mixed mode, sharing
OS name            : Mac OS X
OS version         : 13.0.1


You are seeing this disclaimer because Mockito is configured to create inlined mocks.
You can learn about inline mocks and their limitations under item #39 of the Mockito class javadoc.

Underlying exception : org.mockito.exceptions.base.MockitoException: Could not modify all classes [interface com.google.cloud.spanner.Spanner, interface java.lang.AutoCloseable]
Caused by: org.mockito.exceptions.base.MockitoException: Could not modify all classes [interface com.google.cloud.spanner.Spanner, interface java.lang.AutoCloseable]
Caused by: java.lang.IllegalStateException: 

Byte Buddy could not instrument all classes within the mock's type hierarchy

This problem should never occur for javac-compiled classes. This problem has been observed for classes that are:
 - Compiled by older versions of scalac
 - Classes that are part of the Android distribution
Caused by: java.lang.IllegalArgumentException: Unsupported class file major version 61
</error>
  </testcase>
  <testcase name="testCreateTableShouldThrowExceptionWhenSpannerCreateDatabaseFails" classname="com.google.cloud.teleport.it.spanner.DefaultSpannerResourceManagerTest" time="0.012">
    <error message="&#10;Mockito cannot mock this class: interface com.google.cloud.spanner.Spanner.&#10;&#10;If you&apos;re not sure why you&apos;re getting this error, please report to the mailing list.&#10;&#10;&#10;Java               : 17&#10;JVM vendor name    : Oracle Corporation&#10;JVM vendor version : 17.0.4.1+1-LTS-2&#10;JVM name           : Java HotSpot(TM) 64-Bit Server VM&#10;JVM version        : 17.0.4.1+1-LTS-2&#10;JVM info           : mixed mode, sharing&#10;OS name            : Mac OS X&#10;OS version         : 13.0.1&#10;&#10;&#10;You are seeing this disclaimer because Mockito is configured to create inlined mocks.&#10;You can learn about inline mocks and their limitations under item #39 of the Mockito class javadoc.&#10;&#10;Underlying exception : org.mockito.exceptions.base.MockitoException: Could not modify all classes [interface com.google.cloud.spanner.Spanner, interface java.lang.AutoCloseable]" type="org.mockito.exceptions.base.MockitoException">org.mockito.exceptions.base.MockitoException: 

Mockito cannot mock this class: interface com.google.cloud.spanner.Spanner.

If you're not sure why you're getting this error, please report to the mailing list.


Java               : 17
JVM vendor name    : Oracle Corporation
JVM vendor version : 17.0.4.1+1-LTS-2
JVM name           : Java HotSpot(TM) 64-Bit Server VM
JVM version        : 17.0.4.1+1-LTS-2
JVM info           : mixed mode, sharing
OS name            : Mac OS X
OS version         : 13.0.1


You are seeing this disclaimer because Mockito is configured to create inlined mocks.
You can learn about inline mocks and their limitations under item #39 of the Mockito class javadoc.

Underlying exception : org.mockito.exceptions.base.MockitoException: Could not modify all classes [interface com.google.cloud.spanner.Spanner, interface java.lang.AutoCloseable]
Caused by: org.mockito.exceptions.base.MockitoException: Could not modify all classes [interface com.google.cloud.spanner.Spanner, interface java.lang.AutoCloseable]
Caused by: java.lang.IllegalStateException: 

Byte Buddy could not instrument all classes within the mock's type hierarchy

This problem should never occur for javac-compiled classes. This problem has been observed for classes that are:
 - Compiled by older versions of scalac
 - Classes that are part of the Android distribution
Caused by: java.lang.IllegalArgumentException: Unsupported class file major version 61
</error>
  </testcase>
  <testcase name="testWriteSingleRecordShouldThrowExceptionWhenCalledBeforeCreateTable" classname="com.google.cloud.teleport.it.spanner.DefaultSpannerResourceManagerTest" time="0.008">
    <error message="&#10;Mockito cannot mock this class: interface com.google.cloud.spanner.Spanner.&#10;&#10;If you&apos;re not sure why you&apos;re getting this error, please report to the mailing list.&#10;&#10;&#10;Java               : 17&#10;JVM vendor name    : Oracle Corporation&#10;JVM vendor version : 17.0.4.1+1-LTS-2&#10;JVM name           : Java HotSpot(TM) 64-Bit Server VM&#10;JVM version        : 17.0.4.1+1-LTS-2&#10;JVM info           : mixed mode, sharing&#10;OS name            : Mac OS X&#10;OS version         : 13.0.1&#10;&#10;&#10;You are seeing this disclaimer because Mockito is configured to create inlined mocks.&#10;You can learn about inline mocks and their limitations under item #39 of the Mockito class javadoc.&#10;&#10;Underlying exception : org.mockito.exceptions.base.MockitoException: Could not modify all classes [interface com.google.cloud.spanner.Spanner, interface java.lang.AutoCloseable]" type="org.mockito.exceptions.base.MockitoException">org.mockito.exceptions.base.MockitoException: 

Mockito cannot mock this class: interface com.google.cloud.spanner.Spanner.

If you're not sure why you're getting this error, please report to the mailing list.


Java               : 17
JVM vendor name    : Oracle Corporation
JVM vendor version : 17.0.4.1+1-LTS-2
JVM name           : Java HotSpot(TM) 64-Bit Server VM
JVM version        : 17.0.4.1+1-LTS-2
JVM info           : mixed mode, sharing
OS name            : Mac OS X
OS version         : 13.0.1


You are seeing this disclaimer because Mockito is configured to create inlined mocks.
You can learn about inline mocks and their limitations under item #39 of the Mockito class javadoc.

Underlying exception : org.mockito.exceptions.base.MockitoException: Could not modify all classes [interface com.google.cloud.spanner.Spanner, interface java.lang.AutoCloseable]
Caused by: org.mockito.exceptions.base.MockitoException: Could not modify all classes [interface com.google.cloud.spanner.Spanner, interface java.lang.AutoCloseable]
Caused by: java.lang.IllegalStateException: 

Byte Buddy could not instrument all classes within the mock's type hierarchy

This problem should never occur for javac-compiled classes. This problem has been observed for classes that are:
 - Compiled by older versions of scalac
 - Classes that are part of the Android distribution
Caused by: java.lang.IllegalArgumentException: Unsupported class file major version 61
</error>
  </testcase>
  <testcase name="testReadRecordsWithListOfColumnNamesShouldWorkWhenSpannerReadSucceeds" classname="com.google.cloud.teleport.it.spanner.DefaultSpannerResourceManagerTest" time="0.007">
    <error message="&#10;Mockito cannot mock this class: interface com.google.cloud.spanner.Spanner.&#10;&#10;If you&apos;re not sure why you&apos;re getting this error, please report to the mailing list.&#10;&#10;&#10;Java               : 17&#10;JVM vendor name    : Oracle Corporation&#10;JVM vendor version : 17.0.4.1+1-LTS-2&#10;JVM name           : Java HotSpot(TM) 64-Bit Server VM&#10;JVM version        : 17.0.4.1+1-LTS-2&#10;JVM info           : mixed mode, sharing&#10;OS name            : Mac OS X&#10;OS version         : 13.0.1&#10;&#10;&#10;You are seeing this disclaimer because Mockito is configured to create inlined mocks.&#10;You can learn about inline mocks and their limitations under item #39 of the Mockito class javadoc.&#10;&#10;Underlying exception : org.mockito.exceptions.base.MockitoException: Could not modify all classes [interface com.google.cloud.spanner.Spanner, interface java.lang.AutoCloseable]" type="org.mockito.exceptions.base.MockitoException">org.mockito.exceptions.base.MockitoException: 

Mockito cannot mock this class: interface com.google.cloud.spanner.Spanner.

If you're not sure why you're getting this error, please report to the mailing list.


Java               : 17
JVM vendor name    : Oracle Corporation
JVM vendor version : 17.0.4.1+1-LTS-2
JVM name           : Java HotSpot(TM) 64-Bit Server VM
JVM version        : 17.0.4.1+1-LTS-2
JVM info           : mixed mode, sharing
OS name            : Mac OS X
OS version         : 13.0.1


You are seeing this disclaimer because Mockito is configured to create inlined mocks.
You can learn about inline mocks and their limitations under item #39 of the Mockito class javadoc.

Underlying exception : org.mockito.exceptions.base.MockitoException: Could not modify all classes [interface com.google.cloud.spanner.Spanner, interface java.lang.AutoCloseable]
Caused by: org.mockito.exceptions.base.MockitoException: Could not modify all classes [interface com.google.cloud.spanner.Spanner, interface java.lang.AutoCloseable]
Caused by: java.lang.IllegalStateException: 

Byte Buddy could not instrument all classes within the mock's type hierarchy

This problem should never occur for javac-compiled classes. This problem has been observed for classes that are:
 - Compiled by older versions of scalac
 - Classes that are part of the Android distribution
Caused by: java.lang.IllegalArgumentException: Unsupported class file major version 61
</error>
  </testcase>
  <testcase name="testWriteMultipleRecordsShouldThrowExceptionWhenSpannerWriteFails" classname="com.google.cloud.teleport.it.spanner.DefaultSpannerResourceManagerTest" time="0.007">
    <error message="&#10;Mockito cannot mock this class: interface com.google.cloud.spanner.Spanner.&#10;&#10;If you&apos;re not sure why you&apos;re getting this error, please report to the mailing list.&#10;&#10;&#10;Java               : 17&#10;JVM vendor name    : Oracle Corporation&#10;JVM vendor version : 17.0.4.1+1-LTS-2&#10;JVM name           : Java HotSpot(TM) 64-Bit Server VM&#10;JVM version        : 17.0.4.1+1-LTS-2&#10;JVM info           : mixed mode, sharing&#10;OS name            : Mac OS X&#10;OS version         : 13.0.1&#10;&#10;&#10;You are seeing this disclaimer because Mockito is configured to create inlined mocks.&#10;You can learn about inline mocks and their limitations under item #39 of the Mockito class javadoc.&#10;&#10;Underlying exception : org.mockito.exceptions.base.MockitoException: Could not modify all classes [interface com.google.cloud.spanner.Spanner, interface java.lang.AutoCloseable]" type="org.mockito.exceptions.base.MockitoException">org.mockito.exceptions.base.MockitoException: 

Mockito cannot mock this class: interface com.google.cloud.spanner.Spanner.

If you're not sure why you're getting this error, please report to the mailing list.


Java               : 17
JVM vendor name    : Oracle Corporation
JVM vendor version : 17.0.4.1+1-LTS-2
JVM name           : Java HotSpot(TM) 64-Bit Server VM
JVM version        : 17.0.4.1+1-LTS-2
JVM info           : mixed mode, sharing
OS name            : Mac OS X
OS version         : 13.0.1


You are seeing this disclaimer because Mockito is configured to create inlined mocks.
You can learn about inline mocks and their limitations under item #39 of the Mockito class javadoc.

Underlying exception : org.mockito.exceptions.base.MockitoException: Could not modify all classes [interface com.google.cloud.spanner.Spanner, interface java.lang.AutoCloseable]
Caused by: org.mockito.exceptions.base.MockitoException: Could not modify all classes [interface com.google.cloud.spanner.Spanner, interface java.lang.AutoCloseable]
Caused by: java.lang.IllegalStateException: 

Byte Buddy could not instrument all classes within the mock's type hierarchy

This problem should never occur for javac-compiled classes. This problem has been observed for classes that are:
 - Compiled by older versions of scalac
 - Classes that are part of the Android distribution
Caused by: java.lang.IllegalArgumentException: Unsupported class file major version 61
</error>
  </testcase>
  <testcase name="testWriteSingleRecordShouldWorkWhenSpannerWriteSucceeds" classname="com.google.cloud.teleport.it.spanner.DefaultSpannerResourceManagerTest" time="0.017">
    <error message="&#10;Mockito cannot mock this class: interface com.google.cloud.spanner.Spanner.&#10;&#10;If you&apos;re not sure why you&apos;re getting this error, please report to the mailing list.&#10;&#10;&#10;Java               : 17&#10;JVM vendor name    : Oracle Corporation&#10;JVM vendor version : 17.0.4.1+1-LTS-2&#10;JVM name           : Java HotSpot(TM) 64-Bit Server VM&#10;JVM version        : 17.0.4.1+1-LTS-2&#10;JVM info           : mixed mode, sharing&#10;OS name            : Mac OS X&#10;OS version         : 13.0.1&#10;&#10;&#10;You are seeing this disclaimer because Mockito is configured to create inlined mocks.&#10;You can learn about inline mocks and their limitations under item #39 of the Mockito class javadoc.&#10;&#10;Underlying exception : org.mockito.exceptions.base.MockitoException: Could not modify all classes [interface com.google.cloud.spanner.Spanner, interface java.lang.AutoCloseable]" type="org.mockito.exceptions.base.MockitoException">org.mockito.exceptions.base.MockitoException: 

Mockito cannot mock this class: interface com.google.cloud.spanner.Spanner.

If you're not sure why you're getting this error, please report to the mailing list.


Java               : 17
JVM vendor name    : Oracle Corporation
JVM vendor version : 17.0.4.1+1-LTS-2
JVM name           : Java HotSpot(TM) 64-Bit Server VM
JVM version        : 17.0.4.1+1-LTS-2
JVM info           : mixed mode, sharing
OS name            : Mac OS X
OS version         : 13.0.1


You are seeing this disclaimer because Mockito is configured to create inlined mocks.
You can learn about inline mocks and their limitations under item #39 of the Mockito class javadoc.

Underlying exception : org.mockito.exceptions.base.MockitoException: Could not modify all classes [interface com.google.cloud.spanner.Spanner, interface java.lang.AutoCloseable]
Caused by: org.mockito.exceptions.base.MockitoException: Could not modify all classes [interface com.google.cloud.spanner.Spanner, interface java.lang.AutoCloseable]
Caused by: java.lang.IllegalStateException: 

Byte Buddy could not instrument all classes within the mock's type hierarchy

This problem should never occur for javac-compiled classes. This problem has been observed for classes that are:
 - Compiled by older versions of scalac
 - Classes that are part of the Android distribution
Caused by: java.lang.IllegalArgumentException: Unsupported class file major version 61
</error>
  </testcase>
  <testcase name="testReadRecordsShouldThrowExceptionWhenCalledBeforeCreateTable" classname="com.google.cloud.teleport.it.spanner.DefaultSpannerResourceManagerTest" time="0.009">
    <error message="&#10;Mockito cannot mock this class: interface com.google.cloud.spanner.Spanner.&#10;&#10;If you&apos;re not sure why you&apos;re getting this error, please report to the mailing list.&#10;&#10;&#10;Java               : 17&#10;JVM vendor name    : Oracle Corporation&#10;JVM vendor version : 17.0.4.1+1-LTS-2&#10;JVM name           : Java HotSpot(TM) 64-Bit Server VM&#10;JVM version        : 17.0.4.1+1-LTS-2&#10;JVM info           : mixed mode, sharing&#10;OS name            : Mac OS X&#10;OS version         : 13.0.1&#10;&#10;&#10;You are seeing this disclaimer because Mockito is configured to create inlined mocks.&#10;You can learn about inline mocks and their limitations under item #39 of the Mockito class javadoc.&#10;&#10;Underlying exception : org.mockito.exceptions.base.MockitoException: Could not modify all classes [interface com.google.cloud.spanner.Spanner, interface java.lang.AutoCloseable]" type="org.mockito.exceptions.base.MockitoException">org.mockito.exceptions.base.MockitoException: 

Mockito cannot mock this class: interface com.google.cloud.spanner.Spanner.

If you're not sure why you're getting this error, please report to the mailing list.


Java               : 17
JVM vendor name    : Oracle Corporation
JVM vendor version : 17.0.4.1+1-LTS-2
JVM name           : Java HotSpot(TM) 64-Bit Server VM
JVM version        : 17.0.4.1+1-LTS-2
JVM info           : mixed mode, sharing
OS name            : Mac OS X
OS version         : 13.0.1


You are seeing this disclaimer because Mockito is configured to create inlined mocks.
You can learn about inline mocks and their limitations under item #39 of the Mockito class javadoc.

Underlying exception : org.mockito.exceptions.base.MockitoException: Could not modify all classes [interface com.google.cloud.spanner.Spanner, interface java.lang.AutoCloseable]
Caused by: org.mockito.exceptions.base.MockitoException: Could not modify all classes [interface com.google.cloud.spanner.Spanner, interface java.lang.AutoCloseable]
Caused by: java.lang.IllegalStateException: 

Byte Buddy could not instrument all classes within the mock's type hierarchy

This problem should never occur for javac-compiled classes. This problem has been observed for classes that are:
 - Compiled by older versions of scalac
 - Classes that are part of the Android distribution
Caused by: java.lang.IllegalArgumentException: Unsupported class file major version 61
</error>
  </testcase>
  <testcase name="testManagerShouldBeUnusableAfterCleanup" classname="com.google.cloud.teleport.it.spanner.DefaultSpannerResourceManagerTest" time="0.007">
    <error message="&#10;Mockito cannot mock this class: interface com.google.cloud.spanner.Spanner.&#10;&#10;If you&apos;re not sure why you&apos;re getting this error, please report to the mailing list.&#10;&#10;&#10;Java               : 17&#10;JVM vendor name    : Oracle Corporation&#10;JVM vendor version : 17.0.4.1+1-LTS-2&#10;JVM name           : Java HotSpot(TM) 64-Bit Server VM&#10;JVM version        : 17.0.4.1+1-LTS-2&#10;JVM info           : mixed mode, sharing&#10;OS name            : Mac OS X&#10;OS version         : 13.0.1&#10;&#10;&#10;You are seeing this disclaimer because Mockito is configured to create inlined mocks.&#10;You can learn about inline mocks and their limitations under item #39 of the Mockito class javadoc.&#10;&#10;Underlying exception : org.mockito.exceptions.base.MockitoException: Could not modify all classes [interface com.google.cloud.spanner.Spanner, interface java.lang.AutoCloseable]" type="org.mockito.exceptions.base.MockitoException">org.mockito.exceptions.base.MockitoException: 

Mockito cannot mock this class: interface com.google.cloud.spanner.Spanner.

If you're not sure why you're getting this error, please report to the mailing list.


Java               : 17
JVM vendor name    : Oracle Corporation
JVM vendor version : 17.0.4.1+1-LTS-2
JVM name           : Java HotSpot(TM) 64-Bit Server VM
JVM version        : 17.0.4.1+1-LTS-2
JVM info           : mixed mode, sharing
OS name            : Mac OS X
OS version         : 13.0.1


You are seeing this disclaimer because Mockito is configured to create inlined mocks.
You can learn about inline mocks and their limitations under item #39 of the Mockito class javadoc.

Underlying exception : org.mockito.exceptions.base.MockitoException: Could not modify all classes [interface com.google.cloud.spanner.Spanner, interface java.lang.AutoCloseable]
Caused by: org.mockito.exceptions.base.MockitoException: Could not modify all classes [interface com.google.cloud.spanner.Spanner, interface java.lang.AutoCloseable]
Caused by: java.lang.IllegalStateException: 

Byte Buddy could not instrument all classes within the mock's type hierarchy

This problem should never occur for javac-compiled classes. This problem has been observed for classes that are:
 - Compiled by older versions of scalac
 - Classes that are part of the Android distribution
Caused by: java.lang.IllegalArgumentException: Unsupported class file major version 61
</error>
  </testcase>
  <testcase name="testCreateTableShouldWorkWhenSpannerDoesntThrowAnyError" classname="com.google.cloud.teleport.it.spanner.DefaultSpannerResourceManagerTest" time="0.007">
    <error message="&#10;Mockito cannot mock this class: interface com.google.cloud.spanner.Spanner.&#10;&#10;If you&apos;re not sure why you&apos;re getting this error, please report to the mailing list.&#10;&#10;&#10;Java               : 17&#10;JVM vendor name    : Oracle Corporation&#10;JVM vendor version : 17.0.4.1+1-LTS-2&#10;JVM name           : Java HotSpot(TM) 64-Bit Server VM&#10;JVM version        : 17.0.4.1+1-LTS-2&#10;JVM info           : mixed mode, sharing&#10;OS name            : Mac OS X&#10;OS version         : 13.0.1&#10;&#10;&#10;You are seeing this disclaimer because Mockito is configured to create inlined mocks.&#10;You can learn about inline mocks and their limitations under item #39 of the Mockito class javadoc.&#10;&#10;Underlying exception : org.mockito.exceptions.base.MockitoException: Could not modify all classes [interface com.google.cloud.spanner.Spanner, interface java.lang.AutoCloseable]" type="org.mockito.exceptions.base.MockitoException">org.mockito.exceptions.base.MockitoException: 

Mockito cannot mock this class: interface com.google.cloud.spanner.Spanner.

If you're not sure why you're getting this error, please report to the mailing list.


Java               : 17
JVM vendor name    : Oracle Corporation
JVM vendor version : 17.0.4.1+1-LTS-2
JVM name           : Java HotSpot(TM) 64-Bit Server VM
JVM version        : 17.0.4.1+1-LTS-2
JVM info           : mixed mode, sharing
OS name            : Mac OS X
OS version         : 13.0.1


You are seeing this disclaimer because Mockito is configured to create inlined mocks.
You can learn about inline mocks and their limitations under item #39 of the Mockito class javadoc.

Underlying exception : org.mockito.exceptions.base.MockitoException: Could not modify all classes [interface com.google.cloud.spanner.Spanner, interface java.lang.AutoCloseable]
Caused by: org.mockito.exceptions.base.MockitoException: Could not modify all classes [interface com.google.cloud.spanner.Spanner, interface java.lang.AutoCloseable]
Caused by: java.lang.IllegalStateException: 

Byte Buddy could not instrument all classes within the mock's type hierarchy

This problem should never occur for javac-compiled classes. This problem has been observed for classes that are:
 - Compiled by older versions of scalac
 - Classes that are part of the Android distribution
Caused by: java.lang.IllegalArgumentException: Unsupported class file major version 61
</error>
  </testcase>
  <testcase name="testCleanupAllShouldWorkWhenSpannerDeleteInstanceSucceeds" classname="com.google.cloud.teleport.it.spanner.DefaultSpannerResourceManagerTest" time="0.008">
    <error message="&#10;Mockito cannot mock this class: interface com.google.cloud.spanner.Spanner.&#10;&#10;If you&apos;re not sure why you&apos;re getting this error, please report to the mailing list.&#10;&#10;&#10;Java               : 17&#10;JVM vendor name    : Oracle Corporation&#10;JVM vendor version : 17.0.4.1+1-LTS-2&#10;JVM name           : Java HotSpot(TM) 64-Bit Server VM&#10;JVM version        : 17.0.4.1+1-LTS-2&#10;JVM info           : mixed mode, sharing&#10;OS name            : Mac OS X&#10;OS version         : 13.0.1&#10;&#10;&#10;You are seeing this disclaimer because Mockito is configured to create inlined mocks.&#10;You can learn about inline mocks and their limitations under item #39 of the Mockito class javadoc.&#10;&#10;Underlying exception : org.mockito.exceptions.base.MockitoException: Could not modify all classes [interface com.google.cloud.spanner.Spanner, interface java.lang.AutoCloseable]" type="org.mockito.exceptions.base.MockitoException">org.mockito.exceptions.base.MockitoException: 

Mockito cannot mock this class: interface com.google.cloud.spanner.Spanner.

If you're not sure why you're getting this error, please report to the mailing list.


Java               : 17
JVM vendor name    : Oracle Corporation
JVM vendor version : 17.0.4.1+1-LTS-2
JVM name           : Java HotSpot(TM) 64-Bit Server VM
JVM version        : 17.0.4.1+1-LTS-2
JVM info           : mixed mode, sharing
OS name            : Mac OS X
OS version         : 13.0.1


You are seeing this disclaimer because Mockito is configured to create inlined mocks.
You can learn about inline mocks and their limitations under item #39 of the Mockito class javadoc.

Underlying exception : org.mockito.exceptions.base.MockitoException: Could not modify all classes [interface com.google.cloud.spanner.Spanner, interface java.lang.AutoCloseable]
Caused by: org.mockito.exceptions.base.MockitoException: Could not modify all classes [interface com.google.cloud.spanner.Spanner, interface java.lang.AutoCloseable]
Caused by: java.lang.IllegalStateException: 

Byte Buddy could not instrument all classes within the mock's type hierarchy

This problem should never occur for javac-compiled classes. This problem has been observed for classes that are:
 - Compiled by older versions of scalac
 - Classes that are part of the Android distribution
Caused by: java.lang.IllegalArgumentException: Unsupported class file major version 61
</error>
  </testcase>
  <testcase name="testReadRecordsShouldWorkWhenSpannerReadSucceeds" classname="com.google.cloud.teleport.it.spanner.DefaultSpannerResourceManagerTest" time="0.007">
    <error message="&#10;Mockito cannot mock this class: interface com.google.cloud.spanner.Spanner.&#10;&#10;If you&apos;re not sure why you&apos;re getting this error, please report to the mailing list.&#10;&#10;&#10;Java               : 17&#10;JVM vendor name    : Oracle Corporation&#10;JVM vendor version : 17.0.4.1+1-LTS-2&#10;JVM name           : Java HotSpot(TM) 64-Bit Server VM&#10;JVM version        : 17.0.4.1+1-LTS-2&#10;JVM info           : mixed mode, sharing&#10;OS name            : Mac OS X&#10;OS version         : 13.0.1&#10;&#10;&#10;You are seeing this disclaimer because Mockito is configured to create inlined mocks.&#10;You can learn about inline mocks and their limitations under item #39 of the Mockito class javadoc.&#10;&#10;Underlying exception : org.mockito.exceptions.base.MockitoException: Could not modify all classes [interface com.google.cloud.spanner.Spanner, interface java.lang.AutoCloseable]" type="org.mockito.exceptions.base.MockitoException">org.mockito.exceptions.base.MockitoException: 

Mockito cannot mock this class: interface com.google.cloud.spanner.Spanner.

If you're not sure why you're getting this error, please report to the mailing list.


Java               : 17
JVM vendor name    : Oracle Corporation
JVM vendor version : 17.0.4.1+1-LTS-2
JVM name           : Java HotSpot(TM) 64-Bit Server VM
JVM version        : 17.0.4.1+1-LTS-2
JVM info           : mixed mode, sharing
OS name            : Mac OS X
OS version         : 13.0.1


You are seeing this disclaimer because Mockito is configured to create inlined mocks.
You can learn about inline mocks and their limitations under item #39 of the Mockito class javadoc.

Underlying exception : org.mockito.exceptions.base.MockitoException: Could not modify all classes [interface com.google.cloud.spanner.Spanner, interface java.lang.AutoCloseable]
Caused by: org.mockito.exceptions.base.MockitoException: Could not modify all classes [interface com.google.cloud.spanner.Spanner, interface java.lang.AutoCloseable]
Caused by: java.lang.IllegalStateException: 

Byte Buddy could not instrument all classes within the mock's type hierarchy

This problem should never occur for javac-compiled classes. This problem has been observed for classes that are:
 - Compiled by older versions of scalac
 - Classes that are part of the Android distribution
Caused by: java.lang.IllegalArgumentException: Unsupported class file major version 61
</error>
  </testcase>
</testsuite>